[2026-03-05T07:35:35.416Z] > command requires scopes: ["email","openid","https://www.googleapis.com/auth/cloudplatformprojects.readonly","https://www.googleapis.com/auth/firebase","https://www.googleapis.com/auth/cloud-platform"]
[2026-03-05T07:35:35.417Z] > authorizing via signed-in user (knutsenthomas@gmail.com)
[2026-03-05T07:35:35.418Z] [iam] checking project tk-design-f43f6 for permissions ["firebase.projects.get","firebasehosting.sites.update"]
[2026-03-05T07:35:35.420Z] Checked if tokens are valid: true, expires at: 1772699094053
[2026-03-05T07:35:35.420Z] Checked if tokens are valid: true, expires at: 1772699094053
[2026-03-05T07:35:35.422Z] >>> [apiv2][query] POST https://cloudresourcemanager.googleapis.com/v1/projects/tk-design-f43f6:testIamPermissions [none]
[2026-03-05T07:35:35.422Z] >>> [apiv2][(partial)header] POST https://cloudresourcemanager.googleapis.com/v1/projects/tk-design-f43f6:testIamPermissions  x-goog-user-project=tk-design-f43f6
[2026-03-05T07:35:35.422Z] >>> [apiv2][body] POST https://cloudresourcemanager.googleapis.com/v1/projects/tk-design-f43f6:testIamPermissions {"permissions":["firebase.projects.get","firebasehosting.sites.update"]}
[2026-03-05T07:35:35.808Z] <<< [apiv2][status] POST https://cloudresourcemanager.googleapis.com/v1/projects/tk-design-f43f6:testIamPermissions 200
[2026-03-05T07:35:35.809Z] <<< [apiv2][body] POST https://cloudresourcemanager.googleapis.com/v1/projects/tk-design-f43f6:testIamPermissions {"permissions":["firebase.projects.get","firebasehosting.sites.update"]}
[2026-03-05T07:35:35.810Z] Checked if tokens are valid: true, expires at: 1772699094053
[2026-03-05T07:35:35.810Z] Checked if tokens are valid: true, expires at: 1772699094053
[2026-03-05T07:35:35.810Z] >>> [apiv2][query] GET https://firebase.googleapis.com/v1beta1/projects/tk-design-f43f6 [none]
[2026-03-05T07:35:36.136Z] <<< [apiv2][status] GET https://firebase.googleapis.com/v1beta1/projects/tk-design-f43f6 200
[2026-03-05T07:35:36.137Z] <<< [apiv2][body] GET https://firebase.googleapis.com/v1beta1/projects/tk-design-f43f6 {"projectId":"tk-design-f43f6","projectNumber":"729667300921","displayName":"TK-design","name":"projects/tk-design-f43f6","resources":{"hostingSite":"tk-design-f43f6"},"state":"ACTIVE","etag":"1_75d35ff7-6806-4739-8593-a951fd0f129d"}

=== Deploying to 'tk-design-f43f6'...

i  deploying hosting 
[2026-03-05T07:35:36.142Z] Checked if tokens are valid: true, expires at: 1772699094053
[2026-03-05T07:35:36.142Z] Checked if tokens are valid: true, expires at: 1772699094053
[2026-03-05T07:35:36.142Z] >>> [apiv2][query] POST https://firebasehosting.googleapis.com/v1beta1/projects/-/sites/tk-design-f43f6/versions [none]
[2026-03-05T07:35:36.142Z] >>> [apiv2][body] POST https://firebasehosting.googleapis.com/v1beta1/projects/-/sites/tk-design-f43f6/versions {"status":"CREATED","labels":{"deployment-tool":"cli-firebase"}}
[2026-03-05T07:35:37.827Z] <<< [apiv2][status] POST https://firebasehosting.googleapis.com/v1beta1/projects/-/sites/tk-design-f43f6/versions 200
[2026-03-05T07:35:37.828Z] <<< [apiv2][body] POST https://firebasehosting.googleapis.com/v1beta1/projects/-/sites/tk-design-f43f6/versions {"name":"projects/729667300921/sites/tk-design-f43f6/versions/c97b5a2a4ee4e86f","status":"CREATED","config":{},"labels":{"deployment-tool":"cli-firebase"}}
i  hosting[tk-design-f43f6]: beginning deploy... 
i  hosting[tk-design-f43f6]: found 79 files in public 
[2026-03-05T07:35:37.868Z] [hosting] uploading with 200 concurrency
[2026-03-05T07:35:37.876Z] Checked if tokens are valid: true, expires at: 1772699094053
[2026-03-05T07:35:37.876Z] Checked if tokens are valid: true, expires at: 1772699094053
[2026-03-05T07:35:37.877Z] [hosting] hash cache [cHVibGlj] stored for 79 files
[2026-03-05T07:35:37.877Z] [hosting][hash queue][FINAL] {"max":5,"min":0,"avg":1.2632716817251335,"active":0,"complete":79,"success":79,"errored":0,"retried":0,"total":79,"elapsed":8}
[2026-03-05T07:35:37.878Z] >>> [apiv2][query] POST https://firebasehosting.googleapis.com/v1beta1/projects/729667300921/sites/tk-design-f43f6/versions/c97b5a2a4ee4e86f:populateFiles [none]
[2026-03-05T07:35:37.878Z] >>> [apiv2][body] POST https://firebasehosting.googleapis.com/v1beta1/projects/729667300921/sites/tk-design-f43f6/versions/c97b5a2a4ee4e86f:populateFiles {"files":{"/translations.js":"dbdfa51132e86b03beb1653db3acf64420aba00304a3a7619e1d25ff036a1d87","/test2.html":"bdae50f424f15ae73abac15343576a44241f43ad2c8a60a91e308c5463d0329b","/test.html":"16170a0a81f8cddd2cd7dd01c9ca5592377efe2e81eaaa624d1523169fa2ebec","/test-hosting.html":"3cb4a189fc77d259d31491281e2ee7530f98a1e837939583e1821633f31183f2","/success-test.html":"6f1713f0ad2648c17dfac803ddc784c096727ad4e433f584840d87c9e17fa968","/style.css":"61964cc49b999ea3ae0d1af301b1bc3609c64e82965d4c823c3d6cdf75d297bd","/index.html":"16170a0a81f8cddd2cd7dd01c9ca5592377efe2e81eaaa624d1523169fa2ebec","/404.html":"f65cdcac068780e742aade1e495a451cad8e5f847b1ebdfaf12fa9fee7f4afbb","/js/firebase-config.js":"5a4ef7cda752c843237e20b8afb967bbd349c8697174074ea51569f0487eeffa","/js/firebase-client.js":"8af759d942ca2da173605e26a00dfb9de36efb78c307052ec4344b2ffe9963cc","/js/cookies.js":"60273738f959da856a8e14bcbcc8fbcf5b966a1c1a2ad5e56f35556810f3a59d","/js/contact-page.js":"31765178f3d83788c2f198a5835665aac29997c49f5e10e409222315afc7b845","/img/.DS_Store":"18046a56c642796a6aee034d113bc49cfdaec20bea82199e150f21cbf6f7eefb","/img/testimonial/testi-arrow.png":"940734b5fffe88694e020ee687b2a62132f03dbb60be9381b3562e2ffd21f5b1","/img/testimonial/quote.png":"bc676e565987216382b7c3b9a80566af8c92b98f51775a79dca667ae1333378b","/img/testimonial/partner6.png":"6f4847d49b9894a49000ecad614f47797ab217db55ea38fbe694eee6d8fd4b47","/img/testimonial/partner4.png":"b7599b8e23da4146156aefae38886d7ecdffa0c226a5bb2ef4ef1dd9e1816d3a","/img/testimonial/partner3.png":"468665918fb20913ec926110af7db2eecba1f12d8e59857e386bba67cffeb7b6","/img/testimonial/partner2.png":"55a0237d327cef8aa3a2537524058541c28796541f5ff7f4561c1336ff13dc58","/img/testimonial/partner1.png":"795624176d422d60410a161021611cb588cffc643f0217c07821606e717f7b00","/img/testimonial/man3.png":"3dd3f5ecedcce4e8baa6876c3881c26596a55aabdf13dd7c52c17137fb42836b","/img/testimonial/man2.png":"0e167cb7a42872d98741f6aad55f97d53d13a04c5f5424aed813c04ee1860c59","/img/testimonial/man1.png":"aeb827d9f5fb01e26434c56394dd6d87695e526f1fd84a7c6a8732099460d1ab","/img/protfolio/prot-detials2.png":"95b172a89f8562813aa477dec043263ebc0188ffa270b21da59dcf07a1bb199d","/img/protfolio/prot-detials1.png":"8f9af4b9e32f8ee8be9e159c6dc60006d204202434cb65fe1483f35d990cdfd7","/img/protfolio/prot-detailsbig.png":"3f36a54d1fba7f4cd22e7a850b9c841ad1f3089e7d1bbe56910ac7af3da754ba","/img/project/warranty.png":"7aaf4a8dfcb21ff63745fc767f42cd85d5e697c061924cd7447ace3be6488f8d","/img/project/ser-dv2.png":"2ec81dadd89c428834981b32fe67f4941c6d00d1b67dedf4f97e9e4b5990f100","/img/project/ser-dv1.png":"2ec81dadd89c428834981b32fe67f4941c6d00d1b67dedf4f97e9e4b5990f100","/img/project/project-need.png":"17c5d0b9b6d5378afa18300c61bf5b3953feffa47f9aa584341bbaf7b985cd35","/img/project/pro6.png":"d2a36946e383b90068e88221db0ee4afe8c00cf13fa4d6c51b70237c40e24a59","/img/project/pro5.png":"5ff9536ab85a48a0057a8fb2e24df8d578f44fe3b66454c5da1de4829948e650","/img/project/pro4.png":"d7e752f790f1cb1c4b7c3c189609bd207fe9547529660643fa39236a0888fc83","/img/project/pro3.png":"fa950ccef98de53f909691d703d2240bfe95cd05be6b8f87d7ea6260b2b47819","/img/project/pro2.png":"27fc5bc37e9b5dde7118e071ff8ca2e1b8d32775070a48d8a3e3c85a62f80967","/img/project/pro1.png":"cd5e77c536feb63948f41451815ac9e26fd16dcc38cd907a1fefe704e83f4dfe","/img/project/premium-quality.png":"cf92a10f44ee11aa5451f249adb998056b58a077bf197f43ce18bf27f4fb176f","/img/project/media__1770414058177.png":"37f528789d7aa1895446878002dfe72dd4201c0390bebe97a3b97a1e83b0823b","/img/project/basic.png":"73177c504cc8c2ac7af673d21ae007a0226b54bced559cd28d85af9381ab47d6","/img/project/Kudos Regnskap.png":"1938239d229120faf0f79f0db1ed94a79f6b57a8f5cd583d89935970beee9d17","/img/logo/d.png":"a3755db455f5caac6c0ceea22a586c7515fb25be9f4634ccaefa7e378ed721f2","/img/logo/.DS_Store":"8980445f8e11c53acc6ec8a758d19467cc419fa7c4bbd52c95e7a1160f779ed7","/img/contact/ser-detialcontact.png":"b2fcb0335333e51aaad7022376cd063b6357f55fd9ca2f20cb4567b901667cee","/img/blog/straight-quotes.png":"94de0f15852f2a4dee995f98121ce446f9ac3714e43521f193d0ddd6c37371a3","/img/blog/opa-blog.png":"1ebc2c6dca50dc423d4d8dada00ca8710e2e90043a3aecccdfb3172180dd6b3c","/img/blog/bsmall3.png":"57d3e1a45cba27bfaab89c045056f093bfb115f97abcd65c6b4f8c3b0025ce3b","/img/blog/bsmall2.png":"f4096ae2397d9bff739af0e27e52400422ea197b6b695f7bf63902a4c409c4c6","/img/blog/bsmall1.png":"8518b8a4b368ee64529a100de4f2a754675b02f4ddfd1facf94b6c4c8b8ef3af","/img/blog/blog-detailsb2.png":"dff70f92ea312e67aa74098ba7c2eb42068e43c82972310a285d884a41a0ca28","/img/blog/bblog4.png":"dff70f92ea312e67aa74098ba7c2eb42068e43c82972310a285d884a41a0ca28","/img/blog/bblog3.png":"10588df87d5d04558156412377e3074e1c686758534c5de737bc49515938f792","/img/blog/bblog2.png":"6e61175e15ea2f5a4536e23eaddecd456632525b0ccc47f8d21df5be0afe0b52","/img/blog/bblog1.png":"40151c07ac72f1b4dbbd2ae7b6459d41ec3714cdc6df37259fb13083349795aa","/img/banner/ts8.png":"3781182b2402453cd801d9f2332c08227a8331d2d087b14b9e85ba8016e8159f","/img/banner/ts7.png":"9025d6589251c53e58805bac6b6b547c03eb02ccabf3882b27021e06e4786f56","/img/banner/ts6.png":"696171fb9345fa5f673b7a310b515dd02e059b5427d122132e5ac6b3a79410c1","/img/banner/ts5.png":"7550160b464f95bb8b5482897ab4d3258e992cfbb1bbf740786652c5308a1d09","/img/banner/ts4.png":"3f1a5b6a6320988c900aa214fd8cee50b451f07e1c6a10b38939216333f90f90","/img/banner/ts3.png":"5ece1626c63a449910c51229ccffc1dae4b72dbcb79abe010d162b776bee7726","/img/banner/ts2.png":"3762e1b32b9dcac87c4a6dadaeea4ca2b52f9e8bd5a73d78bf15b5694bc500c2","/img/banner/ts1.png":"30b8805698306b249d3560d9c33fd7dc5e8a72c3ad12f0af9c58c1a5561ed449","/img/banner/scroll-down.png":"8f6d6e521b5a080db4549f3957904fae65de03fb5dfae05eace3a57e2dfba8b9","/img/banner/dial.png":"f13f4bf3bc0aa257183c1edb8b60079bbfcddcd4e3789b1860fc8c890cdc8e8a","/img/banner/bn-arrow.png":"d5dc065a4e4b1d40f23fbd8e9672f9035c107560918f1a28fd4c15d2dac85a8d","/img/banner/banner-man.png":"0d2ab7f803626fc46aeae97e7e403efa6ce2d0246614f807a1cee6c1c47b7266","/img/banner/banner-bg.png":"71bae04b9e368c08308ddd20a4f9d3f7f54492c0182669683018ee04dafbdbb5","/img/about/word.png":"eaf1a7aa71b30a2d8e701b24ab286c3730a989c8211ce5f588e22a7bbf55c887","/img/about/section-star.png":"3b80821040700d25a84dd32408ca30220386275b84f22e3939da9842459c8120","/img/about/personal-infothumb.png":"2a782d7e3499a10a3e4518430baf7fd89cd772683cc51e22ba0e44e0bfca8ba2","/img/about/html.png":"8c87a148147a337107ee627c7ad9528b1a3a84d79403f6f02daaaa77df0a7a53","/img/about/figma.png":"31c45be06038dd79bf97eed73b5f008e48b0cfa936feaf6749f00d739a1efbbf","/img/about/boot.png":"30f896a240a8fb7d8c537ffcede115b96466bd8af437e5937ab5939e58aea169","/img/about/about-bg.png":"766e464c87616e853187b828c06ad334c12592fb98b917318b0fb84553c20837","/admin/style.css":"7e579f56b5e65ca5b6e4d8023a810a98180436a47744363bad873b372b41490e","/admin/panel.css":"c9fec8ff1cb4e1ce0ab8f47431f1f233310081370d785064fc8e21a5659a86ed","/admin/login.html":"b56e06558dd73e9e60f31a141fb05f411217c19e22cf317dae4339782c077cf9","/admin/index.html":"f6a9b61053b4106a92d23fed53ddef82416a40b78a7acf30a090eaace05673f3","/admin/custom-style.css":"3751aeb6ca3621d75fd53d93566ed4719f07a92916cfaf951381688b7d38b11c","/admin/app.js":"1ca15c8505c4d33d21feb03d499fc7d282f4705ed009edeb148f04e67e76053e"}}
[2026-03-05T07:35:39.057Z] <<< [apiv2][status] POST https://firebasehosting.googleapis.com/v1beta1/projects/729667300921/sites/tk-design-f43f6/versions/c97b5a2a4ee4e86f:populateFiles 200
[2026-03-05T07:35:39.057Z] <<< [apiv2][body] POST https://firebasehosting.googleapis.com/v1beta1/projects/729667300921/sites/tk-design-f43f6/versions/c97b5a2a4ee4e86f:populateFiles {"uploadUrl":"https://upload-firebasehosting.googleapis.com/upload/sites/tk-design-f43f6/versions/c97b5a2a4ee4e86f/files"}
[2026-03-05T07:35:39.058Z] [hosting][populate queue][FINAL] {"max":1182,"min":1182,"avg":1182,"active":0,"complete":1,"success":1,"errored":0,"retried":0,"total":1,"elapsed":1182}
[2026-03-05T07:35:39.058Z] [hosting] uploads queued: 0
[2026-03-05T07:35:39.058Z] [hosting][upload queue][FINAL] {"max":0,"min":9999999999,"avg":0,"active":0,"complete":0,"success":0,"errored":0,"retried":0,"total":0,"elapsed":1772696139058}
i  hosting: upload complete 
✔  hosting[tk-design-f43f6]: file upload complete 
[2026-03-05T07:35:39.060Z] [hosting] deploy completed after 1228ms
[2026-03-05T07:35:39.061Z] [
  {
    "config": {
      "site": "tk-design-f43f6",
      "public": "public"
    },
    "version": "projects/729667300921/sites/tk-design-f43f6/versions/c97b5a2a4ee4e86f"
  }
]
i  hosting[tk-design-f43f6]: finalizing version... 
[2026-03-05T07:35:39.062Z] Checked if tokens are valid: true, expires at: 1772699094053
[2026-03-05T07:35:39.062Z] Checked if tokens are valid: true, expires at: 1772699094053
[2026-03-05T07:35:39.063Z] >>> [apiv2][query] PATCH https://firebasehosting.googleapis.com/v1beta1/projects/-/sites/tk-design-f43f6/versions/c97b5a2a4ee4e86f updateMask=status%2Cconfig
[2026-03-05T07:35:39.064Z] >>> [apiv2][body] PATCH https://firebasehosting.googleapis.com/v1beta1/projects/-/sites/tk-design-f43f6/versions/c97b5a2a4ee4e86f {"status":"FINALIZED","config":{}}
[2026-03-05T07:35:40.627Z] <<< [apiv2][status] PATCH https://firebasehosting.googleapis.com/v1beta1/projects/-/sites/tk-design-f43f6/versions/c97b5a2a4ee4e86f 200
[2026-03-05T07:35:40.627Z] <<< [apiv2][body] PATCH https://firebasehosting.googleapis.com/v1beta1/projects/-/sites/tk-design-f43f6/versions/c97b5a2a4ee4e86f {"name":"projects/729667300921/sites/tk-design-f43f6/versions/c97b5a2a4ee4e86f","status":"FINALIZED","config":{},"labels":{"deployment-tool":"cli-firebase"},"createTime":"2026-03-05T07:35:36.923216Z","createUser":{"email":"knutsenthomas@gmail.com"},"finalizeTime":"2026-03-05T07:35:40.424718Z","finalizeUser":{"email":"knutsenthomas@gmail.com"}}
[2026-03-05T07:35:40.627Z] [hosting] finalized version for tk-design-f43f6:[object Object]
✔  hosting[tk-design-f43f6]: version finalized 
i  hosting[tk-design-f43f6]: releasing new version... 
[2026-03-05T07:35:40.629Z] Checked if tokens are valid: true, expires at: 1772699094053
[2026-03-05T07:35:40.629Z] Checked if tokens are valid: true, expires at: 1772699094053
[2026-03-05T07:35:40.630Z] >>> [apiv2][query] POST https://firebasehosting.googleapis.com/v1beta1/projects/-/sites/tk-design-f43f6/channels/live/releases versionName=projects%2F729667300921%2Fsites%2Ftk-design-f43f6%2Fversions%2Fc97b5a2a4ee4e86f
[2026-03-05T07:35:40.631Z] >>> [apiv2][body] POST https://firebasehosting.googleapis.com/v1beta1/projects/-/sites/tk-design-f43f6/channels/live/releases {}
[2026-03-05T07:35:42.950Z] <<< [apiv2][status] POST https://firebasehosting.googleapis.com/v1beta1/projects/-/sites/tk-design-f43f6/channels/live/releases 200
[2026-03-05T07:35:42.951Z] <<< [apiv2][body] POST https://firebasehosting.googleapis.com/v1beta1/projects/-/sites/tk-design-f43f6/channels/live/releases {"name":"projects/729667300921/sites/tk-design-f43f6/channels/live/releases/1772696141730000","version":{"name":"projects/729667300921/sites/tk-design-f43f6/versions/c97b5a2a4ee4e86f","status":"FINALIZED","config":{},"labels":{"deployment-tool":"cli-firebase"},"createTime":"2026-03-05T07:35:36.923216Z","createUser":{"email":"knutsenthomas@gmail.com","imageUrl":"https://lh3.googleusercontent.com/a/ACg8ocLjfFAn1Evq12J4fBeaauYHbysU_BaXqIMg2RbkJ26m0igwzd45dg"},"finalizeTime":"2026-03-05T07:35:40.424718Z","finalizeUser":{"email":"knutsenthomas@gmail.com","imageUrl":"https://lh3.googleusercontent.com/a/ACg8ocLjfFAn1Evq12J4fBeaauYHbysU_BaXqIMg2RbkJ26m0igwzd45dg"}},"type":"DEPLOY","releaseTime":"2026-03-05T07:35:41.730Z","releaseUser":{"email":"knutsenthomas@gmail.com","imageUrl":"https://lh3.googleusercontent.com/a/ACg8ocLjfFAn1Evq12J4fBeaauYHbysU_BaXqIMg2RbkJ26m0igwzd45dg"}}
[2026-03-05T07:35:42.951Z] [hosting] release: {"name":"projects/729667300921/sites/tk-design-f43f6/channels/live/releases/1772696141730000","version":{"name":"projects/729667300921/sites/tk-design-f43f6/versions/c97b5a2a4ee4e86f","status":"FINALIZED","config":{},"labels":{"deployment-tool":"cli-firebase"},"createTime":"2026-03-05T07:35:36.923216Z","createUser":{"email":"knutsenthomas@gmail.com","imageUrl":"https://lh3.googleusercontent.com/a/ACg8ocLjfFAn1Evq12J4fBeaauYHbysU_BaXqIMg2RbkJ26m0igwzd45dg"},"finalizeTime":"2026-03-05T07:35:40.424718Z","finalizeUser":{"email":"knutsenthomas@gmail.com","imageUrl":"https://lh3.googleusercontent.com/a/ACg8ocLjfFAn1Evq12J4fBeaauYHbysU_BaXqIMg2RbkJ26m0igwzd45dg"}},"type":"DEPLOY","releaseTime":"2026-03-05T07:35:41.730Z","releaseUser":{"email":"knutsenthomas@gmail.com","imageUrl":"https://lh3.googleusercontent.com/a/ACg8ocLjfFAn1Evq12J4fBeaauYHbysU_BaXqIMg2RbkJ26m0igwzd45dg"}}
✔  hosting[tk-design-f43f6]: release complete 

✔  Deploy complete! 

Project Console: https://console.firebase.google.com/project/tk-design-f43f6/overview
Hosting URL: https://tk-design-f43f6.web.app
